This is XeTeX, Version 3.14159265-2.6-0.999992 (TeX Live 2020) (preloaded format=xelatex 2020.8.19)  19 AUG 2020 17:25
entering extended mode
 restricted \write18 enabled.
 %&-line parsing enabled.
**datadown.tex
(./datadown.tex
LaTeX2e <2020-02-02> patch level 5
L3 programming layer <2020-08-07> (/Users/yufree/Library/TinyTeX/texmf-dist/tex
/latex/base/book.cls
Document Class: book 2019/12/20 v1.4l Standard LaTeX document class
(/Users/yufree/Library/TinyTeX/texmf-dist/tex/latex/base/bk10.clo
File: bk10.clo 2019/12/20 v1.4l Standard LaTeX file (size option)
)
\c@part=\count164
\c@chapter=\count165
\c@section=\count166
\c@subsection=\count167
\c@subsubsection=\count168
\c@paragraph=\count169
\c@subparagraph=\count170
\c@figure=\count171
\c@table=\count172
\abovecaptionskip=\skip47
\belowcaptionskip=\skip48
\bibindent=\dimen134
) (/Users/yufree/Library/TinyTeX/texmf-dist/tex/latex/lm/lmodern.sty
Package: lmodern 2009/10/30 v1.6 Latin Modern Fonts
LaTeX Font Info:    Overwriting symbol font `operators' in version `normal'
(Font)                  OT1/cmr/m/n --> OT1/lmr/m/n on input line 22.
LaTeX Font Info:    Overwriting symbol font `letters' in version `normal'
(Font)                  OML/cmm/m/it --> OML/lmm/m/it on input line 23.
LaTeX Font Info:    Overwriting symbol font `symbols' in version `normal'
(Font)                  OMS/cmsy/m/n --> OMS/lmsy/m/n on input line 24.
LaTeX Font Info:    Overwriting symbol font `largesymbols' in version `normal'
(Font)                  OMX/cmex/m/n --> OMX/lmex/m/n on input line 25.
LaTeX Font Info:    Overwriting symbol font `operators' in version `bold'
(Font)                  OT1/cmr/bx/n --> OT1/lmr/bx/n on input line 26.
LaTeX Font Info:    Overwriting symbol font `letters' in version `bold'
(Font)                  OML/cmm/b/it --> OML/lmm/b/it on input line 27.
LaTeX Font Info:    Overwriting symbol font `symbols' in version `bold'
(Font)                  OMS/cmsy/b/n --> OMS/lmsy/b/n on input line 28.
LaTeX Font Info:    Overwriting symbol font `largesymbols' in version `bold'
(Font)                  OMX/cmex/m/n --> OMX/lmex/m/n on input line 29.
LaTeX Font Info:    Overwriting math alphabet `\mathbf' in version `normal'
(Font)                  OT1/cmr/bx/n --> OT1/lmr/bx/n on input line 31.
LaTeX Font Info:    Overwriting math alphabet `\mathsf' in version `normal'
(Font)                  OT1/cmss/m/n --> OT1/lmss/m/n on input line 32.
LaTeX Font Info:    Overwriting math alphabet `\mathit' in version `normal'
(Font)                  OT1/cmr/m/it --> OT1/lmr/m/it on input line 33.
LaTeX Font Info:    Overwriting math alphabet `\mathtt' in version `normal'
(Font)                  OT1/cmtt/m/n --> OT1/lmtt/m/n on input line 34.
LaTeX Font Info:    Overwriting math alphabet `\mathbf' in version `bold'
(Font)                  OT1/cmr/bx/n --> OT1/lmr/bx/n on input line 35.
LaTeX Font Info:    Overwriting math alphabet `\mathsf' in version `bold'
(Font)                  OT1/cmss/bx/n --> OT1/lmss/bx/n on input line 36.
LaTeX Font Info:    Overwriting math alphabet `\mathit' in version `bold'
(Font)                  OT1/cmr/bx/it --> OT1/lmr/bx/it on input line 37.
LaTeX Font Info:    Overwriting math alphabet `\mathtt' in version `bold'
(Font)                  OT1/cmtt/m/n --> OT1/lmtt/m/n on input line 38.
) (/Users/yufree/Library/TinyTeX/texmf-dist/tex/latex/amsfonts/amssymb.sty
Package: amssymb 2013/01/14 v3.01 AMS font symbols
(/Users/yufree/Library/TinyTeX/texmf-dist/tex/latex/amsfonts/amsfonts.sty
Package: amsfonts 2013/01/14 v3.01 Basic AMSFonts support
\@emptytoks=\toks15
\symAMSa=\mathgroup4
\symAMSb=\mathgroup5
LaTeX Font Info:    Redeclaring math symbol \hbar on input line 98.
LaTeX Font Info:    Overwriting math alphabet `\mathfrak' in version `bold'
(Font)                  U/euf/m/n --> U/euf/b/n on input line 106.
)) (/Users/yufree/Library/TinyTeX/texmf-dist/tex/latex/amsmath/amsmath.sty
Package: amsmath 2020/01/20 v2.17e AMS math features
\@mathmargin=\skip49
For additional information on amsmath, use the `?' option.
(/Users/yufree/Library/TinyTeX/texmf-dist/tex/latex/amsmath/amstext.sty
Package: amstext 2000/06/29 v2.01 AMS text
(/Users/yufree/Library/TinyTeX/texmf-dist/tex/latex/amsmath/amsgen.sty
File: amsgen.sty 1999/11/30 v2.0 generic functions
\@emptytoks=\toks16
\ex@=\dimen135
)) (/Users/yufree/Library/TinyTeX/texmf-dist/tex/latex/amsmath/amsbsy.sty
Package: amsbsy 1999/11/29 v1.2d Bold Symbols
\pmbraise@=\dimen136
) (/Users/yufree/Library/TinyTeX/texmf-dist/tex/latex/amsmath/amsopn.sty
Package: amsopn 2016/03/08 v2.02 operator names
)
\inf@bad=\count173
LaTeX Info: Redefining \frac on input line 227.
\uproot@=\count174
\leftroot@=\count175
LaTeX Info: Redefining \overline on input line 389.
\classnum@=\count176
\DOTSCASE@=\count177
LaTeX Info: Redefining \ldots on input line 486.
LaTeX Info: Redefining \dots on input line 489.
LaTeX Info: Redefining \cdots on input line 610.
\Mathstrutbox@=\box45
\strutbox@=\box46
\big@size=\dimen137
LaTeX Font Info:    Redeclaring font encoding OML on input line 733.
LaTeX Font Info:    Redeclaring font encoding OMS on input line 734.
\macc@depth=\count178
\c@MaxMatrixCols=\count179
\dotsspace@=\muskip16
\c@parentequation=\count180
\dspbrk@lvl=\count181
\tag@help=\toks17
\row@=\count182
\column@=\count183
\maxfields@=\count184
\andhelp@=\toks18
\eqnshift@=\dimen138
\alignsep@=\dimen139
\tagshift@=\dimen140
\tagwidth@=\dimen141
\totwidth@=\dimen142
\lineht@=\dimen143
\@envbody=\toks19
\multlinegap=\skip50
\multlinetaggap=\skip51
\mathdisplay@stack=\toks20
LaTeX Info: Redefining \[ on input line 2859.
LaTeX Info: Redefining \] on input line 2860.
) (/Users/yufree/Library/TinyTeX/texmf-dist/tex/generic/iftex/ifxetex.sty
Package: ifxetex 2019/10/25 v0.7 ifxetex legacy package. Use iftex instead.
(/Users/yufree/Library/TinyTeX/texmf-dist/tex/generic/iftex/iftex.sty
Package: iftex 2020/03/06 v1.0d TeX engine tests
)) (/Users/yufree/Library/TinyTeX/texmf-dist/tex/generic/iftex/ifluatex.sty
Package: ifluatex 2019/10/25 v1.5 ifluatex legacy package. Use iftex instead.
)
(/Users/yufree/Library/TinyTeX/texmf-dist/tex/latex/unicode-math/unicode-math.s
ty (/Users/yufree/Library/TinyTeX/texmf-dist/tex/latex/l3kernel/expl3.sty
Package: expl3 2020-08-07 L3 programming layer (loader) 

(/Users/yufree/Library/TinyTeX/texmf-dist/tex/latex/l3backend/l3backend-xdvipdf
mx.def
File: l3backend-xdvipdfmx.def 2020-08-07 L3 backend support: xdvipdfmx
\g__graphics_track_int=\count185
\l__pdf_internal_box=\box47
\g__pdf_backend_object_int=\count186
\g__pdf_backend_annotation_int=\count187
))
Package: unicode-math 2020/01/31 v0.8q Unicode maths in XeLaTeX and LuaLaTeX

(/Users/yufree/Library/TinyTeX/texmf-dist/tex/latex/unicode-math/unicode-math-x
etex.sty
Package: unicode-math-xetex 2020/01/31 v0.8q Unicode maths in XeLaTeX and LuaLa
TeX

(/Users/yufree/Library/TinyTeX/texmf-dist/tex/latex/l3packages/xparse/xparse.st
y
Package: xparse 2020-05-15 L3 Experimental document command parser

(/Users/yufree/Library/TinyTeX/texmf-dist/tex/latex/l3packages/xparse/xparse-ge
neric.tex
\l__xparse_current_arg_int=\count188
\g__xparse_grabber_int=\count189
\l__xparse_m_args_int=\count190
\l__xparse_v_nesting_int=\count191
))
(/Users/yufree/Library/TinyTeX/texmf-dist/tex/latex/l3packages/l3keys2e/l3keys2
e.sty
Package: l3keys2e 2020-05-15 LaTeX2e option processing using LaTeX3 keys
) (/Users/yufree/Library/TinyTeX/texmf-dist/tex/latex/fontspec/fontspec.sty
Package: fontspec 2020/02/21 v2.7i Font selection for XeLaTeX and LuaLaTeX

(/Users/yufree/Library/TinyTeX/texmf-dist/tex/latex/fontspec/fontspec-xetex.sty
Package: fontspec-xetex 2020/02/21 v2.7i Font selection for XeLaTeX and LuaLaTe
X
\l__fontspec_script_int=\count192
\l__fontspec_language_int=\count193
\l__fontspec_strnum_int=\count194
\l__fontspec_tmp_int=\count195
\l__fontspec_tmpa_int=\count196
\l__fontspec_tmpb_int=\count197
\l__fontspec_tmpc_int=\count198
\l__fontspec_em_int=\count199
\l__fontspec_emdef_int=\count266
\l__fontspec_strong_int=\count267
\l__fontspec_strongdef_int=\count268
\l__fontspec_tmpa_dim=\dimen144
\l__fontspec_tmpb_dim=\dimen145
\l__fontspec_tmpc_dim=\dimen146
(/Users/yufree/Library/TinyTeX/texmf-dist/tex/latex/base/fontenc.sty
Package: fontenc 2020/02/11 v2.0o Standard LaTeX package
) (/Users/yufree/Library/TinyTeX/texmf-dist/tex/latex/fontspec/fontspec.cfg))) 
(/Users/yufree/Library/TinyTeX/texmf-dist/tex/latex/base/fix-cm.sty
Package: fix-cm 2015/01/14 v1.1t fixes to LaTeX
(/Users/yufree/Library/TinyTeX/texmf-dist/tex/latex/base/ts1enc.def
File: ts1enc.def 2001/06/05 v3.0e (jk/car/fm) Standard LaTeX file
LaTeX Font Info:    Redeclaring font encoding TS1 on input line 47.
))
\g__um_fam_int=\count269
\g__um_fonts_used_int=\count270
\l__um_primecount_int=\count271
\g__um_primekern_muskip=\muskip17

(/Users/yufree/Library/TinyTeX/texmf-dist/tex/latex/unicode-math/unicode-math-t
able.tex))) (/Users/yufree/Library/TinyTeX/texmf-dist/tex/latex/xcolor/xcolor.s
ty
Package: xcolor 2016/05/11 v2.12 LaTeX color extensions (UK)
(/Users/yufree/Library/TinyTeX/texmf-dist/tex/latex/graphics-cfg/color.cfg
File: color.cfg 2016/01/02 v1.6 sample color configuration
)
Package xcolor Info: Driver file: xetex.def on input line 225.
(/Users/yufree/Library/TinyTeX/texmf-dist/tex/latex/graphics-def/xetex.def
File: xetex.def 2017/06/24 v5.0h Graphics/color driver for xetex
)
Package xcolor Info: Model `cmy' substituted by `cmy0' on input line 1348.
Package xcolor Info: Model `RGB' extended on input line 1364.
Package xcolor Info: Model `HTML' substituted by `rgb' on input line 1366.
Package xcolor Info: Model `Hsb' substituted by `hsb' on input line 1367.
Package xcolor Info: Model `tHsb' substituted by `hsb' on input line 1368.
Package xcolor Info: Model `HSB' substituted by `hsb' on input line 1369.
Package xcolor Info: Model `Gray' substituted by `gray' on input line 1370.
Package xcolor Info: Model `wave' substituted by `hsb' on input line 1371.
) (/Users/yufree/Library/TinyTeX/texmf-dist/tex/latex/hyperref/hyperref.sty
Package: hyperref 2020-05-15 v7.00e Hypertext links for LaTeX
(/Users/yufree/Library/TinyTeX/texmf-dist/tex/generic/ltxcmds/ltxcmds.sty
Package: ltxcmds 2019/12/15 v1.24 LaTeX kernel commands for general use (HO)
)
(/Users/yufree/Library/TinyTeX/texmf-dist/tex/generic/pdftexcmds/pdftexcmds.sty
Package: pdftexcmds 2020-06-27 v0.33 Utility functions of pdfTeX for LuaTeX (HO
)
(/Users/yufree/Library/TinyTeX/texmf-dist/tex/generic/infwarerr/infwarerr.sty
Package: infwarerr 2019/12/03 v1.5 Providing info/warning/error messages (HO)
)
Package pdftexcmds Info: \pdf@primitive is available.
Package pdftexcmds Info: \pdf@ifprimitive is available.
Package pdftexcmds Info: \pdfdraftmode not found.
) (/Users/yufree/Library/TinyTeX/texmf-dist/tex/latex/graphics/keyval.sty
Package: keyval 2014/10/28 v1.15 key=value parser (DPC)
\KV@toks@=\toks21
) (/Users/yufree/Library/TinyTeX/texmf-dist/tex/generic/kvsetkeys/kvsetkeys.sty
Package: kvsetkeys 2019/12/15 v1.18 Key value parser (HO)
)
(/Users/yufree/Library/TinyTeX/texmf-dist/tex/generic/kvdefinekeys/kvdefinekeys
.sty
Package: kvdefinekeys 2019-12-19 v1.6 Define keys (HO)
) (/Users/yufree/Library/TinyTeX/texmf-dist/tex/generic/pdfescape/pdfescape.sty
Package: pdfescape 2019/12/09 v1.15 Implements pdfTeX's escape features (HO)
) (/Users/yufree/Library/TinyTeX/texmf-dist/tex/latex/hycolor/hycolor.sty
Package: hycolor 2020-01-27 v1.10 Color options for hyperref/bookmark (HO)
)
(/Users/yufree/Library/TinyTeX/texmf-dist/tex/latex/letltxmacro/letltxmacro.sty
Package: letltxmacro 2019/12/03 v1.6 Let assignment for LaTeX macros (HO)
) (/Users/yufree/Library/TinyTeX/texmf-dist/tex/latex/auxhook/auxhook.sty
Package: auxhook 2019-12-17 v1.6 Hooks for auxiliary files (HO)
) (/Users/yufree/Library/TinyTeX/texmf-dist/tex/latex/kvoptions/kvoptions.sty
Package: kvoptions 2019/11/29 v3.13 Key value format for package options (HO)
)
\@linkdim=\dimen147
\Hy@linkcounter=\count272
\Hy@pagecounter=\count273
(/Users/yufree/Library/TinyTeX/texmf-dist/tex/latex/hyperref/pd1enc.def
File: pd1enc.def 2020-05-15 v7.00e Hyperref: PDFDocEncoding definition (HO)
) (/Users/yufree/Library/TinyTeX/texmf-dist/tex/generic/intcalc/intcalc.sty
Package: intcalc 2019/12/15 v1.3 Expandable calculations with integers (HO)
) (/Users/yufree/Library/TinyTeX/texmf-dist/tex/generic/etexcmds/etexcmds.sty
Package: etexcmds 2019/12/15 v1.7 Avoid name clashes with e-TeX commands (HO)
)
\Hy@SavedSpaceFactor=\count274
Package hyperref Info: Option `unicode' set `true' on input line 4338.
(/Users/yufree/Library/TinyTeX/texmf-dist/tex/latex/hyperref/puenc.def
File: puenc.def 2020-05-15 v7.00e Hyperref: PDF Unicode definition (HO)
)
Package hyperref Info: Hyper figures OFF on input line 4464.
Package hyperref Info: Link nesting OFF on input line 4469.
Package hyperref Info: Hyper index ON on input line 4472.
Package hyperref Info: Plain pages OFF on input line 4479.
Package hyperref Info: Backreferencing OFF on input line 4484.
Package hyperref Info: Implicit mode ON; LaTeX internals redefined.
Package hyperref Info: Bookmarks ON on input line 4717.
\c@Hy@tempcnt=\count275
(/Users/yufree/Library/TinyTeX/texmf-dist/tex/latex/url/url.sty
\Urlmuskip=\muskip18
Package: url 2013/09/16  ver 3.4  Verb mode for urls, etc.
)
LaTeX Info: Redefining \url on input line 5076.
\XeTeXLinkMargin=\dimen148
(/Users/yufree/Library/TinyTeX/texmf-dist/tex/generic/bitset/bitset.sty
Package: bitset 2019/12/09 v1.3 Handle bit-vector datatype (HO)

(/Users/yufree/Library/TinyTeX/texmf-dist/tex/generic/bigintcalc/bigintcalc.sty
Package: bigintcalc 2019/12/15 v1.5 Expandable calculations on big integers (HO
)
))
\Fld@menulength=\count276
\Field@Width=\dimen149
\Fld@charsize=\dimen150
Package hyperref Info: Hyper figures OFF on input line 6347.
Package hyperref Info: Link nesting OFF on input line 6352.
Package hyperref Info: Hyper index ON on input line 6355.
Package hyperref Info: backreferencing OFF on input line 6362.
Package hyperref Info: Link coloring OFF on input line 6367.
Package hyperref Info: Link coloring with OCG OFF on input line 6372.
Package hyperref Info: PDF/A mode OFF on input line 6377.
LaTeX Info: Redefining \ref on input line 6417.
LaTeX Info: Redefining \pageref on input line 6421.
(/Users/yufree/Library/TinyTeX/texmf-dist/tex/generic/atbegshi/atbegshi.sty
Package: atbegshi 2019/12/05 v1.19 At begin shipout hook (HO)
)
\Hy@abspage=\count277
\c@Item=\count278
\c@Hfootnote=\count279
)
Package hyperref Info: Driver (autodetected): hxetex.
(/Users/yufree/Library/TinyTeX/texmf-dist/tex/latex/hyperref/hxetex.def
File: hxetex.def 2020-05-15 v7.00e Hyperref driver for XeTeX
(/Users/yufree/Library/TinyTeX/texmf-dist/tex/generic/stringenc/stringenc.sty
Package: stringenc 2019/11/29 v1.12 Convert strings between diff. encodings (HO
)
)
\pdfm@box=\box48
\c@Hy@AnnotLevel=\count280
\HyField@AnnotCount=\count281
\Fld@listcount=\count282
\c@bookmark@seq@number=\count283

(/Users/yufree/Library/TinyTeX/texmf-dist/tex/latex/rerunfilecheck/rerunfileche
ck.sty
Package: rerunfilecheck 2019/12/05 v1.9 Rerun checks for auxiliary files (HO)
(/Users/yufree/Library/TinyTeX/texmf-dist/tex/latex/atveryend/atveryend.sty
Package: atveryend 2019-12-11 v1.11 Hooks at the very end of document (HO)
Package atveryend Info: \enddocument detected (standard20110627).
)
(/Users/yufree/Library/TinyTeX/texmf-dist/tex/generic/uniquecounter/uniquecount
er.sty
Package: uniquecounter 2019/12/15 v1.4 Provide unlimited unique counter (HO)
)
Package uniquecounter Info: New unique counter `rerunfilecheck' on input line 2
86.
)
\Hy@SectionHShift=\skip52
) (/Users/yufree/Library/TinyTeX/texmf-dist/tex/latex/fancyvrb/fancyvrb.sty
Package: fancyvrb 2020/05/03 v3.6 verbatim text (tvz,hv)
\FV@CodeLineNo=\count284
\FV@InFile=\read2
\FV@TabBox=\box49
\c@FancyVerbLine=\count285
\FV@StepNumber=\count286
\FV@OutFile=\write3
) (/Users/yufree/Library/TinyTeX/texmf-dist/tex/latex/framed/framed.sty
Package: framed 2011/10/22 v 0.96: framed or shaded text with page breaks
\OuterFrameSep=\skip53
\fb@frw=\dimen151
\fb@frh=\dimen152
\FrameRule=\dimen153
\FrameSep=\dimen154
) (/Users/yufree/Library/TinyTeX/texmf-dist/tex/latex/tools/longtable.sty
Package: longtable 2020/01/07 v4.13 Multi-page Table package (DPC)
\LTleft=\skip54
\LTright=\skip55
\LTpre=\skip56
\LTpost=\skip57
\LTchunksize=\count287
\LTcapwidth=\dimen155
\LT@head=\box50
\LT@firsthead=\box51
\LT@foot=\box52
\LT@lastfoot=\box53
\LT@cols=\count288
\LT@rows=\count289
\c@LT@tables=\count290
\c@LT@chunks=\count291
\LT@p@ftn=\toks22
) (/Users/yufree/Library/TinyTeX/texmf-dist/tex/latex/booktabs/booktabs.sty
Package: booktabs 2020/01/12 v1.61803398 Publication quality tables
\heavyrulewidth=\dimen156
\lightrulewidth=\dimen157
\cmidrulewidth=\dimen158
\belowrulesep=\dimen159
\belowbottomsep=\dimen160
\aboverulesep=\dimen161
\abovetopsep=\dimen162
\cmidrulesep=\dimen163
\cmidrulekern=\dimen164
\defaultaddspace=\dimen165
\@cmidla=\count292
\@cmidlb=\count293
\@aboverulesep=\dimen166
\@belowrulesep=\dimen167
\@thisruleclass=\count294
\@lastruleclass=\count295
\@thisrulewidth=\dimen168
) (/Users/yufree/Library/TinyTeX/texmf-dist/tex/latex/etoolbox/etoolbox.sty
Package: etoolbox 2020/07/15 v2.5i e-TeX tools for LaTeX (JAW)
\etb@tempcnta=\count296
) (/Users/yufree/Library/TinyTeX/texmf-dist/tex/latex/mdwtools/footnote.sty
Package: footnote 1997/01/28 1.13 Save footnotes around boxes
\fn@notes=\box54
\fn@width=\dimen169
) (/Users/yufree/Library/TinyTeX/texmf-dist/tex/latex/graphics/graphicx.sty
Package: graphicx 2019/11/30 v1.2a Enhanced LaTeX Graphics (DPC,SPQR)
(/Users/yufree/Library/TinyTeX/texmf-dist/tex/latex/graphics/graphics.sty
Package: graphics 2019/11/30 v1.4a Standard LaTeX Graphics (DPC,SPQR)
(/Users/yufree/Library/TinyTeX/texmf-dist/tex/latex/graphics/trig.sty
Package: trig 2016/01/03 v1.10 sin cos tan (DPC)
) (/Users/yufree/Library/TinyTeX/texmf-dist/tex/latex/graphics-cfg/graphics.cfg
File: graphics.cfg 2016/06/04 v1.11 sample graphics configuration
)
Package graphics Info: Driver file: xetex.def on input line 105.
)
\Gin@req@height=\dimen170
\Gin@req@width=\dimen171
) (/Users/yufree/Library/TinyTeX/texmf-dist/tex/latex/grffile/grffile.sty
Package: grffile 2019/11/11 v2.1 Extended file name support for graphics (legac
y)
Package grffile Info: This package is an empty stub for compatibility on input 
line 40.
) (/Users/yufree/Library/TinyTeX/texmf-dist/tex/xelatex/xecjk/xeCJK.sty
Package: xeCJK 2020/06/06 v3.8.4 Typesetting CJK scripts with XeLaTeX

(/Users/yufree/Library/TinyTeX/texmf-dist/tex/latex/l3packages/xtemplate/xtempl
ate.sty
Package: xtemplate 2020-05-15 L3 Experimental prototype document functions
\l__xtemplate_tmp_dim=\dimen172
\l__xtemplate_tmp_int=\count297
\l__xtemplate_tmp_muskip=\muskip19
\l__xtemplate_tmp_skip=\skip58
)
\l__xeCJK_tmp_int=\count298
\l__xeCJK_tmp_box=\box55
\l__xeCJK_tmp_dim=\dimen173
\l__xeCJK_tmp_skip=\skip59
(/Users/yufree/Library/TinyTeX/texmf-dist/tex/latex/ctex/ctexhook.sty
Package: ctexhook 2020/06/06 v2.5.3 Document and package hooks (CTEX)
)
\g__xeCJK_space_factor_int=\count299
\l__xeCJK_begin_int=\count300
\l__xeCJK_end_int=\count301
\c__xeCJK_CJK_class_int=\XeTeXcharclass1
\c__xeCJK_FullLeft_class_int=\XeTeXcharclass2
\c__xeCJK_FullRight_class_int=\XeTeXcharclass3
\c__xeCJK_HalfLeft_class_int=\XeTeXcharclass4
\c__xeCJK_HalfRight_class_int=\XeTeXcharclass5
\c__xeCJK_NormalSpace_class_int=\XeTeXcharclass6
\c__xeCJK_CM_class_int=\XeTeXcharclass7
\c__xeCJK_HangulJamo_class_int=\XeTeXcharclass8
\l__xeCJK_last_skip=\skip60
\g__xeCJK_node_int=\count302
\c__xeCJK_CJK_node_dim=\dimen174
\c__xeCJK_CJK-space_node_dim=\dimen175
\c__xeCJK_default_node_dim=\dimen176
\c__xeCJK_default-space_node_dim=\dimen177
\c__xeCJK_CJK-widow_node_dim=\dimen178
\c__xeCJK_normalspace_node_dim=\dimen179
\l__xeCJK_ccglue_skip=\skip61
\l__xeCJK_ecglue_skip=\skip62
\l__xeCJK_punct_kern_skip=\skip63
\l__xeCJK_last_penalty_int=\count303
\l__xeCJK_last_bound_dim=\dimen180
\l__xeCJK_last_kern_dim=\dimen181
\l__xeCJK_widow_penalty_int=\count304

Package xtemplate Info: Declaring object type 'xeCJK/punctuation' taking 0
(xtemplate)             argument(s) on line 2329.

\l__xeCJK_fixed_punct_width_dim=\dimen182
\l__xeCJK_mixed_punct_width_dim=\dimen183
\l__xeCJK_middle_punct_width_dim=\dimen184
\l__xeCJK_fixed_margin_width_dim=\dimen185
\l__xeCJK_mixed_margin_width_dim=\dimen186
\l__xeCJK_middle_margin_width_dim=\dimen187
\l__xeCJK_bound_punct_width_dim=\dimen188
\l__xeCJK_bound_margin_width_dim=\dimen189
\l__xeCJK_margin_minimum_dim=\dimen190
\l__xeCJK_kerning_total_width_dim=\dimen191
\l__xeCJK_same_align_margin_dim=\dimen192
\l__xeCJK_different_align_margin_dim=\dimen193
\l__xeCJK_kerning_margin_width_dim=\dimen194
\l__xeCJK_kerning_margin_minimum_dim=\dimen195
\l__xeCJK_bound_dim=\dimen196
\l__xeCJK_reverse_bound_dim=\dimen197
\l__xeCJK_margin_dim=\dimen198
\l__xeCJK_minimum_bound_dim=\dimen199
\l__xeCJK_kerning_margin_dim=\dimen256
\g__xeCJK_family_int=\count305
\l__xeCJK_fam_int=\count306
\g__xeCJK_fam_allocation_int=\count307
\l__xeCJK_verb_case_int=\count308
\l__xeCJK_verb_exspace_skip=\skip64
(/Users/yufree/Library/TinyTeX/texmf-dist/tex/xelatex/xecjk/xeCJK.cfg
File: xeCJK.cfg 2020/06/06 v3.8.4 Configuration file for xeCJK package
))

Package fontspec Warning: Font "STSong" does not contain requested Script
(fontspec)                "CJK".


Package fontspec Info: STSong scale = 0.9663657108840162.


Package fontspec Info: Could not resolve font "STKaiti/B" (it probably doesn't
(fontspec)             exist).


Package fontspec Info: Could not resolve font "STZhongsong/I" (it probably
(fontspec)             doesn't exist).


Package fontspec Info: Could not resolve font "STSong/BI" (it probably doesn't
(fontspec)             exist).


Package fontspec Info: STSong scale = 0.9663657108840162.


Package fontspec Info: STZhongsong scale = 0.9150695227358136.


Package fontspec Info: STKaiti scale = 0.9663657108840162.


Package fontspec Info: Font family 'STSong(0)' created for font 'STSong' with
(fontspec)             options
(fontspec)             [Scale=MatchLowercase,Script={CJK},BoldFont={STZhongsong
},ItalicFont={STKaiti}].
(fontspec)              
(fontspec)              This font family consists of the following NFSS
(fontspec)             series/shapes:
(fontspec)              
(fontspec)             - 'normal' (m/n) with NFSS spec.:
(fontspec)             <->s*[0.9663657108840162]"STSong/OT:language=dflt;"
(fontspec)             - 'small caps'  (m/sc) with NFSS spec.: 
(fontspec)             - 'bold' (b/n) with NFSS spec.:
(fontspec)             <->s*[0.9150695227358136]"STZhongsong/OT:language=dflt;"

(fontspec)             - 'bold small caps'  (b/sc) with NFSS spec.: 
(fontspec)             - 'italic' (m/it) with NFSS spec.:
(fontspec)             <->s*[0.9663657108840162]"STKaiti/OT:language=dflt;"
(fontspec)             - 'italic small caps'  (m/scit) with NFSS spec.: 

(/Users/yufree/Library/TinyTeX/texmf-dist/tex/latex/mnsymbol/MnSymbol.sty
Package: MnSymbol 2007/01/21 v1.4 support for the MnSymbol font
(/Users/yufree/Library/TinyTeX/texmf-dist/tex/latex/base/textcomp.sty
Package: textcomp 2020/02/02 v2.0n Standard LaTeX package
)
LaTeX Info: Redefining \dagger on input line 84.
LaTeX Info: Redefining \ddagger on input line 84.
LaTeX Info: Redefining \mathparagraph on input line 84.
LaTeX Info: Redefining \mathsection on input line 84.
LaTeX Info: Redefining \mathdollar on input line 84.
LaTeX Info: Redefining \mathsterling on input line 84.
LaTeX Info: Redefining \yen on input line 84.
LaTeX Info: Redefining \circledR on input line 84.
LaTeX Info: Redefining \circledS on input line 84.
LaTeX Info: Redefining \Re on input line 84.
LaTeX Info: Redefining \Im on input line 84.
LaTeX Info: Redefining \dotplus on input line 84.
LaTeX Info: Redefining \thicksim on input line 84.
LaTeX Info: Redefining \thickapprox on input line 84.
LaTeX Info: Redefining \veebar on input line 84.
LaTeX Info: Redefining \barwedge on input line 84.
LaTeX Info: Redefining \doublebarwedge on input line 84.
LaTeX Info: Redefining \centerdot on input line 84.
LaTeX Info: Redefining \divideontimes on input line 84.
\symMnSyA=\mathgroup6
\symMnSyB=\mathgroup7
\symMnSyC=\mathgroup8
\symMnSyD=\mathgroup9
LaTeX Font Info:    Redeclaring symbol font `largesymbols' on input line 119.
LaTeX Font Info:    Overwriting symbol font `largesymbols' in version `normal'
(Font)                  OMX/lmex/m/n --> OMX/MnSymbolE/m/n on input line 119.
LaTeX Font Info:    Overwriting symbol font `largesymbols' in version `bold'
(Font)                  OMX/lmex/m/n --> OMX/MnSymbolE/m/n on input line 119.
LaTeX Font Info:    Redeclaring symbol font `symbols' on input line 120.
LaTeX Font Info:    Encoding `OMS' has changed to `U' for symbol font
(Font)              `symbols' in the math version `normal' on input line 120.
LaTeX Font Info:    Overwriting symbol font `symbols' in version `normal'
(Font)                  OMS/lmsy/m/n --> U/MnSymbolF/m/n on input line 120.
LaTeX Font Info:    Encoding `OMS' has changed to `U' for symbol font
(Font)              `symbols' in the math version `bold' on input line 120.
LaTeX Font Info:    Overwriting symbol font `symbols' in version `bold'
(Font)                  OMS/lmsy/b/n --> U/MnSymbolF/m/n on input line 120.
LaTeX Font Info:    Overwriting symbol font `MnSyA' in version `bold'
(Font)                  U/MnSymbolA/m/n --> U/MnSymbolA/b/n on input line 121.
LaTeX Font Info:    Overwriting symbol font `MnSyB' in version `bold'
(Font)                  U/MnSymbolB/m/n --> U/MnSymbolB/b/n on input line 122.
LaTeX Font Info:    Overwriting symbol font `MnSyC' in version `bold'
(Font)                  U/MnSymbolC/m/n --> U/MnSymbolC/b/n on input line 123.
LaTeX Font Info:    Overwriting symbol font `MnSyD' in version `bold'
(Font)                  U/MnSymbolD/m/n --> U/MnSymbolD/b/n on input line 124.
LaTeX Font Info:    Overwriting symbol font `largesymbols' in version `bold'
(Font)                  OMX/MnSymbolE/m/n --> OMX/MnSymbolE/b/n on input line 1
25.
LaTeX Font Info:    Overwriting symbol font `symbols' in version `bold'
(Font)                  U/MnSymbolF/m/n --> U/MnSymbolF/b/n on input line 126.
LaTeX Font Info:    Redeclaring math alphabet \mathcal on input line 241.
LaTeX Font Info:    Overwriting math alphabet `\mathcal' in version `bold'
(Font)                  OMS/MnSymbolS/m/n --> OMS/MnSymbolS/b/n on input line 2
41.
LaTeX Info: Redefining \longrightarrow on input line 548.
LaTeX Info: Redefining \longleftarrow on input line 549.
LaTeX Info: Redefining \longleftrightarrow on input line 550.
LaTeX Info: Redefining \Longrightarrow on input line 551.
LaTeX Info: Redefining \Longleftarrow on input line 552.
LaTeX Info: Redefining \Longleftrightarrow on input line 553.
LaTeX Info: Redefining \longmapsto on input line 554.
LaTeX Info: Redefining \vdots on input line 868.
LaTeX Font Info:    Redeclaring math symbol \braceld on input line 1721.
LaTeX Font Info:    Redeclaring math symbol \bracelu on input line 1722.
LaTeX Font Info:    Redeclaring math symbol \bracerd on input line 1723.
LaTeX Font Info:    Redeclaring math symbol \braceru on input line 1724.
LaTeX Info: Redefining \downbracefill on input line 1799.
LaTeX Info: Redefining \upbracefill on input line 1800.
LaTeX Info: Redefining \overbrace on input line 1819.
LaTeX Info: Redefining \underbrace on input line 1820.
LaTeX Info: Redefining \surd on input line 1843.
LaTeX Font Info:    Redeclaring math accent \widehat on input line 1845.
LaTeX Font Info:    Redeclaring math accent \widetilde on input line 1846.
LaTeX Font Info:    Redeclaring math accent \vec on input line 1848.
) (/Users/yufree/Library/TinyTeX/texmf-dist/tex/latex/natbib/natbib.sty
Package: natbib 2010/09/13 8.31b (PWD, AO)
\bibhang=\skip65
\bibsep=\skip66
LaTeX Info: Redefining \cite on input line 694.
\c@NAT@ctr=\count309
) (./datadown.aux

LaTeX Warning: Label `ux5e38ux89c1ux95eeux9898' multiply defined.


LaTeX Warning: Label `ux5206ux5c42ux805aux7c7b' multiply defined.


LaTeX Warning: Label `ux672fux8bed' multiply defined.


LaTeX Warning: Label `ux5e94ux7528' multiply defined.


LaTeX Warning: Label `ux8bfbux53d6ux6570ux636e' multiply defined.


LaTeX Warning: Label `introduction' multiply defined.

)
\openout1 = `datadown.aux'.

LaTeX Font Info:    Checking defaults for OML/cmm/m/it on input line 124.
LaTeX Font Info:    ... okay on input line 124.
LaTeX Font Info:    Checking defaults for OMS/cmsy/m/n on input line 124.
LaTeX Font Info:    ... okay on input line 124.
LaTeX Font Info:    Checking defaults for OT1/cmr/m/n on input line 124.
LaTeX Font Info:    ... okay on input line 124.
LaTeX Font Info:    Checking defaults for T1/cmr/m/n on input line 124.
LaTeX Font Info:    ... okay on input line 124.
LaTeX Font Info:    Checking defaults for TS1/cmr/m/n on input line 124.
LaTeX Font Info:    ... okay on input line 124.
LaTeX Font Info:    Checking defaults for TU/lmr/m/n on input line 124.
LaTeX Font Info:    ... okay on input line 124.
LaTeX Font Info:    Checking defaults for OMX/cmex/m/n on input line 124.
LaTeX Font Info:    ... okay on input line 124.
LaTeX Font Info:    Checking defaults for U/cmr/m/n on input line 124.
LaTeX Font Info:    ... okay on input line 124.
LaTeX Font Info:    Checking defaults for PD1/pdf/m/n on input line 124.
LaTeX Font Info:    ... okay on input line 124.
LaTeX Font Info:    Checking defaults for PU/pdf/m/n on input line 124.
LaTeX Font Info:    ... okay on input line 124.
LaTeX Font Info:    Overwriting math alphabet `\mathrm' in version `normal'
(Font)                  OT1/lmr/m/n --> TU/lmr/m/n on input line 124.
LaTeX Font Info:    Overwriting math alphabet `\mathit' in version `normal'
(Font)                  OT1/lmr/m/it --> TU/lmr/m/it on input line 124.
LaTeX Font Info:    Overwriting math alphabet `\mathbf' in version `normal'
(Font)                  OT1/lmr/bx/n --> TU/lmr/bx/n on input line 124.
LaTeX Font Info:    Overwriting math alphabet `\mathsf' in version `normal'
(Font)                  OT1/lmss/m/n --> TU/lmss/m/n on input line 124.
LaTeX Font Info:    Overwriting math alphabet `\mathsf' in version `bold'
(Font)                  OT1/lmss/bx/n --> TU/lmss/bx/n on input line 124.
LaTeX Font Info:    Overwriting math alphabet `\mathtt' in version `normal'
(Font)                  OT1/lmtt/m/n --> TU/lmtt/m/n on input line 124.
LaTeX Font Info:    Overwriting math alphabet `\mathtt' in version `bold'
(Font)                  OT1/lmtt/m/n --> TU/lmtt/bx/n on input line 124.

Package fontspec Info: latinmodern-math scale = 0.9999964596882403.


Package fontspec Info: latinmodern-math scale = 0.9999964596882403.


Package fontspec Info: latinmodern-math scale = 0.9999964596882403.


Package fontspec Info: Font family 'latinmodern-math.otf(0)' created for font
(fontspec)             'latinmodern-math.otf' with options
(fontspec)             [Scale=MatchLowercase,BoldItalicFont={},ItalicFont={},Sm
allCapsFont={},Script=Math,BoldFont={latinmodern-math.otf}].
(fontspec)              
(fontspec)              This font family consists of the following NFSS
(fontspec)             series/shapes:
(fontspec)              
(fontspec)             - 'normal' (m/n) with NFSS spec.:
(fontspec)             <->s*[0.9999964596882403]"[latinmodern-math.otf]/OT:scri
pt=math;language=dflt;"
(fontspec)             - 'small caps'  (m/sc) with NFSS spec.: 
(fontspec)             - 'bold' (b/n) with NFSS spec.:
(fontspec)             <->s*[0.9999964596882403]"[latinmodern-math.otf]/OT:scri
pt=math;language=dflt;"
(fontspec)             - 'bold small caps'  (b/sc) with NFSS spec.: 

LaTeX Font Info:    Font shape `TU/latinmodern-math.otf(0)/m/n' will be
(Font)              scaled to size 10.0pt on input line 124.

Package fontspec Info: latinmodern-math scale = 0.9999964596882403.


Package fontspec Info: latinmodern-math scale = 0.9999964596882403.


Package fontspec Info: latinmodern-math scale = 0.9999964596882403.


Package fontspec Info: latinmodern-math scale = 0.9999964596882403.


Package fontspec Info: latinmodern-math scale = 0.9999964596882403.


Package fontspec Info: Font family 'latinmodern-math.otf(1)' created for font
(fontspec)             'latinmodern-math.otf' with options
(fontspec)             [Scale=MatchLowercase,BoldItalicFont={},ItalicFont={},Sm
allCapsFont={},Script=Math,SizeFeatures={{Size=8.5-},{Size=6-8.5,Font=latinmode
rn-math.otf,Style=MathScript},{Size=-6,Font=latinmodern-math.otf,Style=MathScri
ptScript}},BoldFont={latinmodern-math.otf}].
(fontspec)              
(fontspec)              This font family consists of the following NFSS
(fontspec)             series/shapes:
(fontspec)              
(fontspec)             - 'normal' (m/n) with NFSS spec.:
(fontspec)             <8.5->s*[0.9999964596882403]"[latinmodern-math.otf]/OT:s
cript=math;language=dflt;"<6-8.5>s*[0.9999964596882403]"[latinmodern-math.otf]/
OT:script=math;language=dflt;+ssty=0;"<-6>s*[0.9999964596882403]"[latinmodern-m
ath.otf]/OT:script=math;language=dflt;+ssty=1;"
(fontspec)             - 'small caps'  (m/sc) with NFSS spec.: 
(fontspec)             - 'bold' (b/n) with NFSS spec.:
(fontspec)             <->s*[0.9999964596882403]"[latinmodern-math.otf]/OT:scri
pt=math;language=dflt;"
(fontspec)             - 'bold small caps'  (b/sc) with NFSS spec.: 

LaTeX Font Info:    Font shape `TU/latinmodern-math.otf(1)/m/n' will be
(Font)              scaled to size 10.0pt on input line 124.
LaTeX Font Info:    Encoding `OT1' has changed to `TU' for symbol font
(Font)              `operators' in the math version `normal' on input line 124.

LaTeX Font Info:    Overwriting symbol font `operators' in version `normal'
(Font)                  OT1/lmr/m/n --> TU/latinmodern-math.otf(1)/m/n on input
 line 124.
LaTeX Font Info:    Encoding `OT1' has changed to `TU' for symbol font
(Font)              `operators' in the math version `bold' on input line 124.
LaTeX Font Info:    Overwriting symbol font `operators' in version `bold'
(Font)                  OT1/lmr/bx/n --> TU/latinmodern-math.otf(1)/b/n on inpu
t line 124.

Package fontspec Info: latinmodern-math scale = 0.9999964596882403.


Package fontspec Info: latinmodern-math scale = 1.000096459334209.


Package fontspec Info: latinmodern-math scale = 0.9999964596882403.


Package fontspec Info: latinmodern-math scale = 1.000096459334209.


Package fontspec Info: latinmodern-math scale = 0.9999964596882403.


Package fontspec Info: latinmodern-math scale = 1.000096459334209.


Package fontspec Info: latinmodern-math scale = 0.9999964596882403.


Package fontspec Info: latinmodern-math scale = 1.000096459334209.


Package fontspec Info: latinmodern-math scale = 0.9999964596882403.


Package fontspec Info: latinmodern-math scale = 1.000096459334209.


Package fontspec Info: Font family 'latinmodern-math.otf(2)' created for font
(fontspec)             'latinmodern-math.otf' with options
(fontspec)             [Scale=MatchLowercase,BoldItalicFont={},ItalicFont={},Sm
allCapsFont={},Script=Math,SizeFeatures={{Size=8.5-},{Size=6-8.5,Font=latinmode
rn-math.otf,Style=MathScript},{Size=-6,Font=latinmodern-math.otf,Style=MathScri
ptScript}},BoldFont={latinmodern-math.otf},ScaleAgain=1.0001,FontAdjustment={\f
ontdimen
(fontspec)             8\font =6.77pt\relax \fontdimen 9\font =3.94pt\relax
(fontspec)             \fontdimen 10\font =4.44pt\relax \fontdimen 11\font
(fontspec)             =6.86pt\relax \fontdimen 12\font =3.45pt\relax
(fontspec)             \fontdimen 13\font =3.63pt\relax \fontdimen 14\font
(fontspec)             =3.63pt\relax \fontdimen 15\font =2.89pt\relax
(fontspec)             \fontdimen 16\font =2.47pt\relax \fontdimen 17\font
(fontspec)             =2.47pt\relax \fontdimen 18\font =2.5pt\relax
(fontspec)             \fontdimen 19\font =2.0pt\relax \fontdimen 22\font
(fontspec)             =2.5pt\relax \fontdimen 20\font =0pt\relax \fontdimen
(fontspec)             21\font =0pt\relax }].
(fontspec)              
(fontspec)              This font family consists of the following NFSS
(fontspec)             series/shapes:
(fontspec)              
(fontspec)             - 'normal' (m/n) with NFSS spec.:
(fontspec)             <8.5->s*[1.000096459334209]"[latinmodern-math.otf]/OT:sc
ript=math;language=dflt;"<6-8.5>s*[1.000096459334209]"[latinmodern-math.otf]/OT
:script=math;language=dflt;+ssty=0;"<-6>s*[1.000096459334209]"[latinmodern-math
.otf]/OT:script=math;language=dflt;+ssty=1;"
(fontspec)             - 'small caps'  (m/sc) with NFSS spec.: 
(fontspec)             and font adjustment code:
(fontspec)             \fontdimen 8\font =6.77pt\relax \fontdimen 9\font
(fontspec)             =3.94pt\relax \fontdimen 10\font =4.44pt\relax
(fontspec)             \fontdimen 11\font =6.86pt\relax \fontdimen 12\font
(fontspec)             =3.45pt\relax \fontdimen 13\font =3.63pt\relax
(fontspec)             \fontdimen 14\font =3.63pt\relax \fontdimen 15\font
(fontspec)             =2.89pt\relax \fontdimen 16\font =2.47pt\relax
(fontspec)             \fontdimen 17\font =2.47pt\relax \fontdimen 18\font
(fontspec)             =2.5pt\relax \fontdimen 19\font =2.0pt\relax \fontdimen
(fontspec)             22\font =2.5pt\relax \fontdimen 20\font =0pt\relax
(fontspec)             \fontdimen 21\font =0pt\relax 
(fontspec)             - 'bold' (b/n) with NFSS spec.:
(fontspec)             <->s*[1.000096459334209]"[latinmodern-math.otf]/OT:scrip
t=math;language=dflt;"
(fontspec)             - 'bold small caps'  (b/sc) with NFSS spec.: 
(fontspec)             and font adjustment code:
(fontspec)             \fontdimen 8\font =6.77pt\relax \fontdimen 9\font
(fontspec)             =3.94pt\relax \fontdimen 10\font =4.44pt\relax
(fontspec)             \fontdimen 11\font =6.86pt\relax \fontdimen 12\font
(fontspec)             =3.45pt\relax \fontdimen 13\font =3.63pt\relax
(fontspec)             \fontdimen 14\font =3.63pt\relax \fontdimen 15\font
(fontspec)             =2.89pt\relax \fontdimen 16\font =2.47pt\relax
(fontspec)             \fontdimen 17\font =2.47pt\relax \fontdimen 18\font
(fontspec)             =2.5pt\relax \fontdimen 19\font =2.0pt\relax \fontdimen
(fontspec)             22\font =2.5pt\relax \fontdimen 20\font =0pt\relax
(fontspec)             \fontdimen 21\font =0pt\relax 

LaTeX Font Info:    Encoding `U' has changed to `TU' for symbol font
(Font)              `symbols' in the math version `normal' on input line 124.
LaTeX Font Info:    Overwriting symbol font `symbols' in version `normal'
(Font)                  U/MnSymbolF/m/n --> TU/latinmodern-math.otf(2)/m/n on i
nput line 124.
LaTeX Font Info:    Encoding `U' has changed to `TU' for symbol font
(Font)              `symbols' in the math version `bold' on input line 124.
LaTeX Font Info:    Overwriting symbol font `symbols' in version `bold'
(Font)                  U/MnSymbolF/b/n --> TU/latinmodern-math.otf(2)/b/n on i
nput line 124.

Package fontspec Info: latinmodern-math scale = 0.9999964596882403.


Package fontspec Info: latinmodern-math scale = 0.9998964600422715.


Package fontspec Info: latinmodern-math scale = 0.9999964596882403.


Package fontspec Info: latinmodern-math scale = 0.9998964600422715.


Package fontspec Info: latinmodern-math scale = 0.9999964596882403.


Package fontspec Info: latinmodern-math scale = 0.9998964600422715.


Package fontspec Info: latinmodern-math scale = 0.9999964596882403.


Package fontspec Info: latinmodern-math scale = 0.9998964600422715.


Package fontspec Info: latinmodern-math scale = 0.9999964596882403.


Package fontspec Info: latinmodern-math scale = 0.9998964600422715.


Package fontspec Info: Font family 'latinmodern-math.otf(3)' created for font
(fontspec)             'latinmodern-math.otf' with options
(fontspec)             [Scale=MatchLowercase,BoldItalicFont={},ItalicFont={},Sm
allCapsFont={},Script=Math,SizeFeatures={{Size=8.5-},{Size=6-8.5,Font=latinmode
rn-math.otf,Style=MathScript},{Size=-6,Font=latinmodern-math.otf,Style=MathScri
ptScript}},BoldFont={latinmodern-math.otf},ScaleAgain=0.9999,FontAdjustment={\f
ontdimen
(fontspec)             8\font =0.4pt\relax \fontdimen 9\font =2.0pt\relax
(fontspec)             \fontdimen 10\font =1.67pt\relax \fontdimen 11\font
(fontspec)             =1.11pt\relax \fontdimen 12\font =6.0pt\relax
(fontspec)             \fontdimen 13\font =0pt\relax }].
(fontspec)              
(fontspec)              This font family consists of the following NFSS
(fontspec)             series/shapes:
(fontspec)              
(fontspec)             - 'normal' (m/n) with NFSS spec.:
(fontspec)             <8.5->s*[0.9998964600422715]"[latinmodern-math.otf]/OT:s
cript=math;language=dflt;"<6-8.5>s*[0.9998964600422715]"[latinmodern-math.otf]/
OT:script=math;language=dflt;+ssty=0;"<-6>s*[0.9998964600422715]"[latinmodern-m
ath.otf]/OT:script=math;language=dflt;+ssty=1;"
(fontspec)             - 'small caps'  (m/sc) with NFSS spec.: 
(fontspec)             and font adjustment code:
(fontspec)             \fontdimen 8\font =0.4pt\relax \fontdimen 9\font
(fontspec)             =2.0pt\relax \fontdimen 10\font =1.67pt\relax
(fontspec)             \fontdimen 11\font =1.11pt\relax \fontdimen 12\font
(fontspec)             =6.0pt\relax \fontdimen 13\font =0pt\relax 
(fontspec)             - 'bold' (b/n) with NFSS spec.:
(fontspec)             <->s*[0.9998964600422715]"[latinmodern-math.otf]/OT:scri
pt=math;language=dflt;"
(fontspec)             - 'bold small caps'  (b/sc) with NFSS spec.: 
(fontspec)             and font adjustment code:
(fontspec)             \fontdimen 8\font =0.4pt\relax \fontdimen 9\font
(fontspec)             =2.0pt\relax \fontdimen 10\font =1.67pt\relax
(fontspec)             \fontdimen 11\font =1.11pt\relax \fontdimen 12\font
(fontspec)             =6.0pt\relax \fontdimen 13\font =0pt\relax 

LaTeX Font Info:    Encoding `OMX' has changed to `TU' for symbol font
(Font)              `largesymbols' in the math version `normal' on input line 1
24.
LaTeX Font Info:    Overwriting symbol font `largesymbols' in version `normal'
(Font)                  OMX/MnSymbolE/m/n --> TU/latinmodern-math.otf(3)/m/n on
 input line 124.
LaTeX Font Info:    Encoding `OMX' has changed to `TU' for symbol font
(Font)              `largesymbols' in the math version `bold' on input line 124
.
LaTeX Font Info:    Overwriting symbol font `largesymbols' in version `bold'
(Font)                  OMX/MnSymbolE/b/n --> TU/latinmodern-math.otf(3)/b/n on
 input line 124.
\AtBeginShipoutBox=\box56
Package hyperref Info: Link coloring OFF on input line 124.
(/Users/yufree/Library/TinyTeX/texmf-dist/tex/latex/hyperref/nameref.sty
Package: nameref 2019/09/16 v2.46 Cross-referencing by name of section
(/Users/yufree/Library/TinyTeX/texmf-dist/tex/latex/refcount/refcount.sty
Package: refcount 2019/12/15 v3.6 Data extraction from label references (HO)
)
(/Users/yufree/Library/TinyTeX/texmf-dist/tex/generic/gettitlestring/gettitlest
ring.sty
Package: gettitlestring 2019/12/15 v1.6 Cleanup title references (HO)
)
\c@section@level=\count310
)
LaTeX Info: Redefining \ref on input line 124.
LaTeX Info: Redefining \pageref on input line 124.
LaTeX Info: Redefining \nameref on input line 124.
(./datadown.out) (./datadown.out)
\@outlinefile=\write4
\openout4 = `datadown.out'.

LaTeX Font Info:    Font shape `TU/STSong(0)/m/n' will be
(Font)              scaled to size 16.69885pt on input line 126.
LaTeX Font Info:    Font shape `TU/latinmodern-math.otf(1)/m/n' will be
(Font)              scaled to size 12.0pt on input line 126.
LaTeX Font Info:    Font shape `TU/latinmodern-math.otf(1)/m/n' will be
(Font)              scaled to size 8.0pt on input line 126.
LaTeX Font Info:    Font shape `TU/latinmodern-math.otf(1)/m/n' will be
(Font)              scaled to size 6.0pt on input line 126.
LaTeX Font Info:    Trying to load font information for OML+lmm on input line 1
26.
(/Users/yufree/Library/TinyTeX/texmf-dist/tex/latex/lm/omllmm.fd
File: omllmm.fd 2009/10/30 v1.6 Font defs for Latin Modern
)
LaTeX Font Info:    Font shape `TU/latinmodern-math.otf(2)/m/n' will be
(Font)              scaled to size 12.0011pt on input line 126.
LaTeX Font Info:    Font shape `TU/latinmodern-math.otf(2)/m/n' will be
(Font)              scaled to size 8.00073pt on input line 126.
LaTeX Font Info:    Font shape `TU/latinmodern-math.otf(2)/m/n' will be
(Font)              scaled to size 6.00055pt on input line 126.
LaTeX Font Info:    Font shape `TU/latinmodern-math.otf(3)/m/n' will be
(Font)              scaled to size 11.99872pt on input line 126.
LaTeX Font Info:    Font shape `TU/latinmodern-math.otf(3)/m/n' will be
(Font)              scaled to size 7.99915pt on input line 126.
LaTeX Font Info:    Font shape `TU/latinmodern-math.otf(3)/m/n' will be
(Font)              scaled to size 5.99936pt on input line 126.
LaTeX Font Info:    Trying to load font information for U+msa on input line 126
.
(/Users/yufree/Library/TinyTeX/texmf-dist/tex/latex/amsfonts/umsa.fd
File: umsa.fd 2013/01/14 v3.01 AMS symbols A
)
LaTeX Font Info:    Trying to load font information for U+msb on input line 126
.
(/Users/yufree/Library/TinyTeX/texmf-dist/tex/latex/amsfonts/umsb.fd
File: umsb.fd 2013/01/14 v3.01 AMS symbols B
)
LaTeX Font Info:    Font shape `TU/STSong(0)/m/n' will be
(Font)              scaled to size 11.59644pt on input line 126.
[1


] [2

] (./datadown.toc
LaTeX Font Info:    Font shape `TU/STSong(0)/b/n' will be
(Font)              scaled to size 9.1507pt on input line 1.
LaTeX Font Info:    Font shape `TU/STSong(0)/m/n' will be
(Font)              scaled to size 9.6637pt on input line 3.
LaTeX Font Info:    Font shape `TU/latinmodern-math.otf(1)/m/n' will be
(Font)              scaled to size 7.0pt on input line 3.
LaTeX Font Info:    Font shape `TU/latinmodern-math.otf(1)/m/n' will be
(Font)              scaled to size 5.0pt on input line 3.
LaTeX Font Info:    Font shape `TU/latinmodern-math.otf(2)/m/n' will be
(Font)              scaled to size 10.00092pt on input line 3.
LaTeX Font Info:    Font shape `TU/latinmodern-math.otf(2)/m/n' will be
(Font)              scaled to size 7.00064pt on input line 3.
LaTeX Font Info:    Font shape `TU/latinmodern-math.otf(2)/m/n' will be
(Font)              scaled to size 5.00046pt on input line 3.
LaTeX Font Info:    Font shape `TU/latinmodern-math.otf(3)/m/n' will be
(Font)              scaled to size 9.99893pt on input line 3.
LaTeX Font Info:    Font shape `TU/latinmodern-math.otf(3)/m/n' will be
(Font)              scaled to size 6.99925pt on input line 3.
LaTeX Font Info:    Font shape `TU/latinmodern-math.otf(3)/m/n' will be
(Font)              scaled to size 4.99947pt on input line 3.
[3] [4] [5]

Package fontspec Warning: Font "STFangsong" does not contain requested Script
(fontspec)                "CJK".


Package fontspec Info: STFangsong scale = 0.9707163010643308.


Package fontspec Info: Could not resolve font "STFangsong/BI" (it probably
(fontspec)             doesn't exist).


Package fontspec Info: Could not resolve font "STFangsong/B" (it probably
(fontspec)             doesn't exist).


Package fontspec Info: Could not resolve font "STFangsong/I" (it probably
(fontspec)             doesn't exist).


Package fontspec Info: STFangsong scale = 0.9707163010643308.


Package fontspec Info: Font family 'STFangsong(0)' created for font
(fontspec)             'STFangsong' with options
(fontspec)             [Scale=MatchLowercase,Script={CJK}].
(fontspec)              
(fontspec)              This font family consists of the following NFSS
(fontspec)             series/shapes:
(fontspec)              
(fontspec)             - 'normal' (m/n) with NFSS spec.:
(fontspec)             <->s*[0.9707163010643308]"STFangsong/OT:language=dflt;"
(fontspec)             - 'small caps'  (m/sc) with NFSS spec.: 

[6] [7] [8] [9] [10])
\tf@toc=\write5
\openout5 = `datadown.toc'.

[11] [12

]
LaTeX Font Info:    Font shape `TU/STSong(0)/b/n' will be
(Font)              scaled to size 22.76692pt on input line 132.
[13] [14

]
章 1.
LaTeX Font Info:    Font shape `TU/STSong(0)/b/n' will be
(Font)              scaled to size 18.97855pt on input line 142.
LaTeX Font Info:    Font shape `TU/STSong(0)/b/n' will be
(Font)              scaled to size 13.17699pt on input line 145.
[15]
LaTeX Font Info:    Font shape `TU/STSong(0)/m/sl' in size <10> not available
(Font)              Font shape `TU/STSong(0)/m/it' tried instead on input line 
279.
LaTeX Font Info:    Font shape `TU/STSong(0)/m/it' will be
(Font)              scaled to size 9.6637pt on input line 279.
[16] [17] [18] [19] [20

]
章 2.
[21]
LaTeX Font Info:    Font shape `TU/STFangsong(0)/m/n' will be
(Font)              scaled to size 9.70718pt on input line 557.

Overfull \hbox (12.0pt too wide) in paragraph at lines 573--573
[]\TU/lmtt/m/n/10 $ git config --global user.email "your_email@example.com" #  
\TU/STFangsong(0)/m/n/10 输 入 邮 箱 [] 
 []


Overfull \hbox (80.25pt too wide) in paragraph at lines 573--573
[]\TU/lmtt/m/n/10 $ git commit -m "your message goes here" #  \TU/STFangsong(0)
/m/n/10 描 述 并 缓 存 本 地 工 作 区 改 动 到 上 一 次 \TU/lmtt/m/n/10 commit[] 
 []

[22]
LaTeX Font Info:    Font shape `TU/STSong(0)/b/n' will be
(Font)              scaled to size 10.98083pt on input line 641.
[23]
LaTeX Font Info:    Font shape `TU/lmtt/bx/n' in size <10> not available
(Font)              Font shape `TU/lmtt/b/n' tried instead on input line 690.

LaTeX Font Warning: Font shape `TU/STFangsong(0)/m/it' undefined
(Font)              using `TU/STFangsong(0)/m/n' instead on input line 692.

[24] [25] [26] [27] [28]

Package natbib Warning: Citation `attr-name' on page 29 undefined on input line
 1122.


Package natbib Warning: Citation `attr-name' on page 29 undefined on input line
 1124.

[29] [30] [31] [32] [33]

LaTeX Font Warning: Font shape `TU/STSong(0)/b/it' undefined
(Font)              using `TU/STSong(0)/b/n' instead on input line 1491.

[34] [35]
Missing character: There is no ‵ in font [lmroman10-regular]:mapping=tex-text;!
[36] [37] [38] [39] [40] [41] [42] [43] [44] [45]
Missing character: There is no ‵ in font [lmroman10-regular]:mapping=tex-text;!
[46] [47] [48] [49]
LaTeX Font Info:    Font shape `TU/lmtt/bx/n' in size <12> not available
(Font)              Font shape `TU/lmtt/b/n' tried instead on input line 2813.
[50]
Missing character: There is no ﬁ in font [lmmono10-regular]:!
Missing character: There is no ﬁ in font [lmmono10-regular]:!
Missing character: There is no ﬁ in font [lmmono10-regular]:!
Missing character: There is no ﬁ in font [lmmono10-regular]:!

Underfull \hbox (badness 6032) in paragraph at lines 2868--2870
[]\TU/lmtt/m/n/10 \includeonly{ﬁlename,ﬁlename,. . .} \TU/STSong(0)/m/n/10 导 言 
区 包 含 文 档 在 所
 []

[51]
Missing character: There is no ﬁ in font [lmmono10-regular]:!
Missing character: There is no ﬁ in font [lmmono10-regular]:!

Overfull \hbox (12.15977pt too wide) in paragraph at lines 2927--2929
[]\TU/lmtt/m/n/10 \begin{figure}[placement speciﬁer] \TU/lmr/m/n/10 or \TU/lmtt
/m/n/10 \begin{table}[placement
 []


Overfull \hbox (24.17694pt too wide) in paragraph at lines 2940--2942
[]\TU/STSong(0)/m/n/10 单 独 一 行 可 放 于 \TU/lmtt/m/n/10 \[ \TU/STSong(0)/m/n/10 和 
\TU/lmtt/m/n/10 \] \TU/STSong(0)/m/n/10 或 \TU/lmtt/m/n/10 \begin{displaymath} \
TU/STSong(0)/m/n/10 和 \TU/lmtt/m/n/10 \end{displaymath} 
 []

Missing character: There is no ﬁ in font [lmmono10-regular]:!
Missing character: There is no ﬁ in font [lmmono10-regular]:!
[52]
Overfull \hbox (39.16307pt too wide) in paragraph at lines 2974--2976
[]\TU/STSong(0)/m/n/10 首 行 缩 进 与 段 落 间 距 \TU/lmtt/m/n/10 \setlength{\parindent}
{0pt} \setlength{\parskip}{1ex
 []


Overfull \hbox (9.33588pt too wide) in paragraph at lines 2976--2978
[]\TU/STSong(0)/m/n/10 水 平 距 离\TU/lmtt/m/n/10 \hspace{length} \TU/STSong(0)/m/n
/10 橡 皮 擦 \TU/lmtt/m/n/10 \stretch{n} x\hspace{\stretch{3}}x 
 []

[53] [54

]
章 3.
File: images/researchpipeline.png Graphic file (type bmp)
<images/researchpipeline.png>

Overfull \hbox (486.97542pt too wide) in paragraph at lines 3015--3016
[] 
 []


Underfull \vbox (badness 10000) has occurred while \output is active []

[55]
Underfull \vbox (badness 10000) has occurred while \output is active []

[56]
Overfull \vbox (28.27838pt too high) has occurred while \output is active []

[57] [58] [59] [60] [61] [62

]
章 4.

Underfull \vbox (badness 6493) has occurred while \output is active []

[63] [64] [65] [66

]
章 5.
Missing character: There is no ω in font [lmroman10-regular]:mapping=tex-text;!
Missing character: There is no ∅ in font [lmroman10-regular]:mapping=tex-text;!
Missing character: There is no ω in font [lmroman10-regular]:mapping=tex-text;!
Missing character: There is no ω in font [lmroman10-regular]:mapping=tex-text;!
[67] [68] [69] [70]
File: images/error.png Graphic file (type bmp)
<images/error.png>

Overfull \hbox (291.24295pt too wide) in paragraph at lines 3867--3868
[][] 
 []


Underfull \vbox (badness 1442) has occurred while \output is active []

[71] [72] [73]
Underfull \hbox (badness 1460) in paragraph at lines 4043--4045
[]\TU/STSong(0)/m/n/10 假 定 $[][][][] [] [] [][][]$ 是 \TU/lmr/m/n/10 iid $[][][]
[] [][][]$ \TU/STSong(0)/m/n/10 有 $[]$ 是 标 准 正 态 分 布
 []

[74] [75] [76] [77] [78]
File: datadown_files/figure-latex/power-1.pdf Graphic file (type pdf)
<use datadown_files/figure-latex/power-1.pdf>

Underfull \hbox (badness 10000) in paragraph at lines 4360--4373
[][]
 []


Underfull \vbox (badness 10000) has occurred while \output is active []

[79] [80] [81] [82

]
章 6.
[83]
Overfull \hbox (43.7011pt too wide) detected at line 4603
[]
 []

[84] [85] [86]
Overfull \hbox (138.0pt too wide) in paragraph at lines 4771--4771
[]\TU/lmtt/m/n/10 n <- 100; x2 <- 1 : n; x1 <- .01 * x2 + runif(n, -.1, .1); y 
= -x1 + x2 + rnorm(n, sd = .01)[] 
 []


Overfull \hbox (5.64372pt too wide) in paragraph at lines 4776--4778
[]\TU/lmtt/m/n/10 R \TU/STSong(0)/m/n/10 会 自 动 检 测 并 消 除 变 量 生 成 的 变 量 如 上 面 \T
U/lmtt/m/n/10 x2 \TU/STSong(0)/m/n/10 中 需 要 加 入 \TU/lmtt/m/n/10 runif(n,-.1,.1)

 []

[87]
Overfull \hbox (22.13765pt too wide) in paragraph at lines 4870--4872
[]\TU/STSong(0)/m/n/10 似 然 函 数 与 数 据 的 联 系 $[][] [][][][] [] [][] [][] [][] [][
][][] [] [][] [][] [][] [][][][]$
 []

[88] [89] [90

]
章 7.
[91] [92]
章 8.
[93

] [94] [95] [96]
LaTeX Font Info:    Font shape `TU/lmtt/bx/n' in size <14.4> not available
(Font)              Font shape `TU/lmtt/b/n' tried instead on input line 5283.

Underfull \hbox (badness 10000) in paragraph at lines 5305--5307
[]\TU/lmtt/m/n/10 train <- createDataPartition(y=spam$type,p=0.75, list=FALSE)
 []


Overfull \hbox (21.2498pt too wide) in paragraph at lines 5307--5309
[]\TU/lmtt/m/n/10 folds <- createFolds(y=spam$type,k=10,list=TRUE,returnTrain=T
RUE)
 []


Underfull \hbox (badness 3503) in paragraph at lines 5309--5311
[]\TU/lmtt/m/n/10 folds <- createResample(y=spam$type,times=10,list=TRUE) \TU/S
TSong(0)/m/n/10 数 据
 []


Underfull \hbox (badness 10000) in paragraph at lines 5311--5312
[]\TU/lmtt/m/n/10 folds <- createTimeSlices(y=tme,initialWindow=20,horizon=10)
 []

[97] [98] [99]
Overfull \hbox (1.03682pt too wide) in paragraph at lines 5512--5514
[]\TU/STSong(0)/m/n/10 用 极 大 似 然 估 计 确 定 参 数，|  似 然 函 数 为 $[][][][][] [][][] []
 [][] [][][][][] [][][][] []
 []

[100]

Package amsmath Warning: Foreign command \atopwithdelims;
(amsmath)                \frac or \genfrac should be used instead
(amsmath)                 on input line 5584.

[101] [102] [103] [104] [105] [106]
Underfull \hbox (badness 10000) in paragraph at lines 5976--5978

 []

[107] [108] [109] [110]
Overfull \hbox (1.5pt too wide) in paragraph at lines 6242--6242
[]\TU/lmtt/m/n/10 inTrain <- createDataPartition(y=buildData$wage,p=0.7, list=F
ALSE)[] 
 []


Overfull \hbox (153.75pt too wide) in paragraph at lines 6242--6242
[]\TU/lmtt/m/n/10 mod2 <- train(wage ~.,method="rf",data=training,trControl = t
rainControl(method="cv"),number=3)[] 
 []

[111] [112]
章 9.

Underfull \vbox (badness 10000) has occurred while \output is active []

[113

]
Overfull \hbox (57.9998pt too wide) in paragraph at lines 6381--6383
[]\TU/lmtt/m/n/10 install.packages("devtools");library(devtools);install_github
([]slidify[],
 []


Overfull \hbox (73.75pt too wide) in paragraph at lines 6381--6383
[]\TU/lmtt/m/n/10 ramnathv[]);install_github([]slidifyLibraries[], []ramnathv[]
);library(slidify) 
 []

[114] [115] [116]
章 10.
File: datadown_files/figure-latex/beta-1.pdf Graphic file (type pdf)
<use datadown_files/figure-latex/beta-1.pdf>

Underfull \vbox (badness 10000) has occurred while \output is active []

[117

] [118]
File: datadown_files/figure-latex/beta1-1.pdf Graphic file (type pdf)
<use datadown_files/figure-latex/beta1-1.pdf>
File: datadown_files/figure-latex/beta2-1.pdf Graphic file (type pdf)
<use datadown_files/figure-latex/beta2-1.pdf>

Underfull \vbox (badness 10000) has occurred while \output is active []

[119] [120]
Underfull \vbox (badness 10000) has occurred while \output is active []

[121]
File: datadown_files/figure-latex/ebayes-1.pdf Graphic file (type pdf)
<use datadown_files/figure-latex/ebayes-1.pdf>
[122]
Underfull \vbox (badness 3557) has occurred while \output is active []

[123]
File: datadown_files/figure-latex/ebayes2-1.pdf Graphic file (type pdf)
<use datadown_files/figure-latex/ebayes2-1.pdf>

Underfull \vbox (badness 10000) has occurred while \output is active []

[124] [125]
Underfull \vbox (badness 10000) has occurred while \output is active []

[126]
File: datadown_files/figure-latex/ci-1.pdf Graphic file (type pdf)
<use datadown_files/figure-latex/ci-1.pdf>
[127]
File: datadown_files/figure-latex/ci-2.pdf Graphic file (type pdf)
<use datadown_files/figure-latex/ci-2.pdf>

Underfull \vbox (badness 10000) has occurred while \output is active []

[128]
File: datadown_files/figure-latex/lp-1.pdf Graphic file (type pdf)
<use datadown_files/figure-latex/lp-1.pdf>
[129] [130]
File: datadown_files/figure-latex/ap-1.pdf Graphic file (type pdf)
<use datadown_files/figure-latex/ap-1.pdf>
File: datadown_files/figure-latex/ap-2.pdf Graphic file (type pdf)
<use datadown_files/figure-latex/ap-2.pdf>

Underfull \vbox (badness 10000) has occurred while \output is active []

[131] [132]
File: datadown_files/figure-latex/qvalue-1.pdf Graphic file (type pdf)
<use datadown_files/figure-latex/qvalue-1.pdf>
[133]
File: datadown_files/figure-latex/qvalue-2.pdf Graphic file (type pdf)
<use datadown_files/figure-latex/qvalue-2.pdf>

Underfull \vbox (badness 10000) has occurred while \output is active []

[134] [135] [136] [137] [138]
File: datadown_files/figure-latex/mp-1.pdf Graphic file (type pdf)
<use datadown_files/figure-latex/mp-1.pdf>
[139] [140]
File: datadown_files/figure-latex/if-1.pdf Graphic file (type pdf)
<use datadown_files/figure-latex/if-1.pdf>

Underfull \vbox (badness 10000) has occurred while \output is active []

[141]
File: datadown_files/figure-latex/ife-1.pdf Graphic file (type pdf)
<use datadown_files/figure-latex/ife-1.pdf>

Underfull \vbox (badness 10000) has occurred while \output is active []

[142] [143]
File: datadown_files/figure-latex/fitbb-1.pdf Graphic file (type pdf)
<use datadown_files/figure-latex/fitbb-1.pdf>

Underfull \vbox (badness 10000) has occurred while \output is active []

[144]
File: datadown_files/figure-latex/fitpo-1.pdf Graphic file (type pdf)
<use datadown_files/figure-latex/fitpo-1.pdf>
[145]
File: datadown_files/figure-latex/fitpo-2.pdf Graphic file (type pdf)
<use datadown_files/figure-latex/fitpo-2.pdf>

Underfull \vbox (badness 10000) has occurred while \output is active []

[146] [147]
File: datadown_files/figure-latex/career2-1.pdf Graphic file (type pdf)
<use datadown_files/figure-latex/career2-1.pdf>
[148]
File: datadown_files/figure-latex/lrcom-1.pdf Graphic file (type pdf)
<use datadown_files/figure-latex/lrcom-1.pdf>

Underfull \vbox (badness 2671) has occurred while \output is active []

[149] [150] [151] [152]
File: datadown_files/figure-latex/EM-1.pdf Graphic file (type pdf)
<use datadown_files/figure-latex/EM-1.pdf>
[153] [154]
File: datadown_files/figure-latex/EMbayes-1.pdf Graphic file (type pdf)
<use datadown_files/figure-latex/EMbayes-1.pdf>
[155]
File: datadown_files/figure-latex/EMrepeat-1.pdf Graphic file (type pdf)
<use datadown_files/figure-latex/EMrepeat-1.pdf>

Underfull \vbox (badness 10000) has occurred while \output is active []

[156]
File: datadown_files/figure-latex/EMrepeat-2.pdf Graphic file (type pdf)
<use datadown_files/figure-latex/EMrepeat-2.pdf>

Underfull \vbox (badness 10000) has occurred while \output is active []

[157] [158]
File: datadown_files/figure-latex/assign-1.pdf Graphic file (type pdf)
<use datadown_files/figure-latex/assign-1.pdf>

Underfull \vbox (badness 5985) has occurred while \output is active []

[159]
File: datadown_files/figure-latex/assign-2.pdf Graphic file (type pdf)
<use datadown_files/figure-latex/assign-2.pdf>

Underfull \vbox (badness 10000) has occurred while \output is active []

[160] [161]
File: datadown_files/figure-latex/ebayesem-1.pdf Graphic file (type pdf)
<use datadown_files/figure-latex/ebayesem-1.pdf>
[162]
File: datadown_files/figure-latex/weightdist-1.pdf Graphic file (type pdf)
<use datadown_files/figure-latex/weightdist-1.pdf>

Underfull \hbox (badness 10000) in paragraph at lines 8362--8364
[][]
 []


Underfull \vbox (badness 10000) has occurred while \output is active []

[163]
File: datadown_files/figure-latex/dtpre-1.pdf Graphic file (type pdf)
<use datadown_files/figure-latex/dtpre-1.pdf>

Underfull \vbox (badness 10000) has occurred while \output is active []

[164]
File: datadown_files/figure-latex/dtpre-2.pdf Graphic file (type pdf)
<use datadown_files/figure-latex/dtpre-2.pdf>

Underfull \vbox (badness 10000) has occurred while \output is active []

[165] [166]
File: datadown_files/figure-latex/simhpara-1.pdf Graphic file (type pdf)
<use datadown_files/figure-latex/simhpara-1.pdf>
[167]
File: datadown_files/figure-latex/simAB-1.pdf Graphic file (type pdf)
<use datadown_files/figure-latex/simAB-1.pdf>

Underfull \vbox (badness 6047) has occurred while \output is active []

[168]
File: datadown_files/figure-latex/simp-1.pdf Graphic file (type pdf)
<use datadown_files/figure-latex/simp-1.pdf>

Underfull \vbox (badness 10000) has occurred while \output is active []

[169]
File: datadown_files/figure-latex/simp-2.pdf Graphic file (type pdf)
<use datadown_files/figure-latex/simp-2.pdf>

Underfull \vbox (badness 10000) has occurred while \output is active []

[170] [171]
File: datadown_files/figure-latex/simmint-1.pdf Graphic file (type pdf)
<use datadown_files/figure-latex/simmint-1.pdf>
[172]
File: datadown_files/figure-latex/simfdr-1.pdf Graphic file (type pdf)
<use datadown_files/figure-latex/simfdr-1.pdf>
[173]
File: datadown_files/figure-latex/simbbreg-1.pdf Graphic file (type pdf)
<use datadown_files/figure-latex/simbbreg-1.pdf>

Underfull \vbox (badness 4927) has occurred while \output is active []

[174] [175]
Underfull \vbox (badness 10000) detected at line 8877
 []


Underfull \vbox (badness 10000) detected at line 8877
 []

[176] [177] [178

]
章 11.
[179]
Missing character: There is no 􏰀 in font [latinmodern-math.otf]/OT:script=math;
language=dflt;!
Missing character: There is no 􏰀 in font [latinmodern-math.otf]/OT:script=math;
language=dflt;!
Missing character: There is no 􏰀 in font [latinmodern-math.otf]/OT:script=math;
language=dflt;!
Missing character: There is no 􏰀 in font [latinmodern-math.otf]/OT:script=math;
language=dflt;!
[180] [181] [182

]
章 12.

Underfull \vbox (badness 10000) has occurred while \output is active []

[183] [184] [185] [186] [187] [188

]
章 13.
[189] [190]
Overfull \hbox (35.1792pt too wide) in paragraph at lines 9547--9549
[]\TU/STSong(0)/m/n/10 指 其 他 参 与 者 对 某 参 与 者 最 小 收 益 策 略 下 的 最 大 收 益 策 略 $[][][
][][][][][][][][][][][][][][] [][][]$ 
 []


Overfull \hbox (34.4115pt too wide) in paragraph at lines 9549--9551
[]\TU/STSong(0)/m/n/10 最 小 最 大 策 略 指 让 对 方 收 益 最 大 而 自 己 收 益 最 小 的 策 略 $[][][][
][][][][][][][][][][][][][][] [][][]$ 
 []

[191]
Missing character: There is no χ in font [lmroman10-regular]:mapping=tex-text;!
Missing character: There is no ρ in font [lmroman10-regular]:mapping=tex-text;!
Missing character: There is no σ in font [lmroman10-regular]:mapping=tex-text;!

Overfull \hbox (6.07793pt too wide) in paragraph at lines 9584--9586
[]\TU/STSong(0)/m/n/10 信 息 对 称 扩 展 形 式 博 弈 里 参 与 者 的 纯 策 略 是 行 动 函 数 的 乘 积 $[][
] [][][][]$ 
 []

Missing character: There is no χ in font [lmroman10-regular]:mapping=tex-text;!
Missing character: There is no ρ in font [lmroman10-regular]:mapping=tex-text;!
Missing character: There is no σ in font [lmroman10-regular]:mapping=tex-text;!
[192] [193]
Overfull \hbox (37.03284pt too wide) in paragraph at lines 9736--9738
[]\TU/STSong(0)/m/n/10 过 渡 态 期 望 收 益：| $[][][][][][][][][] [] [][] [][][][][][]
[][] [][][][][] [][][][][][][][][][][][][][][] [][][] [][][]$ 
 []

[194] [195]
Underfull \vbox (badness 10000) has occurred while \output is active []

[196] [197] [198]
章 14.
[199

] [200] [201] [202] [203] [204]
Overfull \hbox (289.0pt too wide) in paragraph at lines 10503--10505
[]\TU/lmtt/m/n/10 exampleSet <- ExpressionSet(assayData=exprs,phenoData=phenoDa
ta,experimentData=experimentData,annotation="hgu95av2") 
 []

[205]
Underfull \hbox (badness 10000) in paragraph at lines 10580--10582
[]\TU/lmtt/m/n/10 gr <- GRanges("chrZ", IRanges(start = c(5, 10), end = c(35,
 []

[206]
Underfull \hbox (badness 10000) in paragraph at lines 10640--10642
[]\TU/lmtt/m/n/10 tab <- read.delim("sampleinfo.txt", check.names = FALSE,
 []

[207] [208] [209] [210]
章 15.
[211

] [212]
File: datadown_files/figure-latex/unnamed-chunk-39-1.pdf Graphic file (type pdf
)
<use datadown_files/figure-latex/unnamed-chunk-39-1.pdf>
Missing character: There is no β in font [lmroman10-regular]:mapping=tex-text;!
[213]
File: datadown_files/figure-latex/unnamed-chunk-40-1.pdf Graphic file (type pdf
)
<use datadown_files/figure-latex/unnamed-chunk-40-1.pdf>
[214]
Overfull \hbox (17.25pt too wide) in paragraph at lines 11072--11072
[]\TU/lmtt/m/n/10 ## coxph(formula = Surv(start, stop, arresttime) ~ fin + age 
+ race +[] 
 []

[215]
Overfull \hbox (27.75pt too wide) in paragraph at lines 11101--11101
[]\TU/lmtt/m/n/10 ## coxph(formula = Surv(week, arrest) ~ fin + age + prio, dat
a = Rossi)[] 
 []

[216]
File: datadown_files/figure-latex/unnamed-chunk-42-1.pdf Graphic file (type pdf
)
<use datadown_files/figure-latex/unnamed-chunk-42-1.pdf>

Overfull \hbox (64.5pt too wide) in paragraph at lines 11152--11152
[]\TU/lmtt/m/n/10 ## coxph(formula = Surv(start, stop, arresttime) ~ fin + age 
+ age:stop:stop +[] 
 []

[217] [218]
章 16.
[219

]
File: images/Framingham1.jpg Graphic file (type bmp)
<images/Framingham1.jpg>

Overfull \hbox (378.72804pt too wide) in paragraph at lines 11257--11258
[][] 
 []


Underfull \vbox (badness 10000) has occurred while \output is active []

[220]
Underfull \vbox (badness 10000) has occurred while \output is active []

[221]
File: images/epidemiccurve.jpg Graphic file (type bmp)
<images/epidemiccurve.jpg>

Overfull \hbox (228.84308pt too wide) in paragraph at lines 11327--11329
[][]
 []


Underfull \vbox (badness 10000) has occurred while \output is active []

[222]
File: images/EpidemicCurve_Cholera.png Graphic file (type bmp)
<images/EpidemicCurve_Cholera.png>

Overfull \hbox (52.49612pt too wide) in paragraph at lines 11336--11338
[][]
 []


Underfull \vbox (badness 10000) has occurred while \output is active []

[223]
File: images/EpidemicCurve_Measles.png Graphic file (type bmp)
<images/EpidemicCurve_Measles.png>

Overfull \hbox (54.5037pt too wide) in paragraph at lines 11345--11346
[][] 
 []


Underfull \vbox (badness 10000) has occurred while \output is active []

[224] [225]
File: images/paste_image47.jpg Graphic file (type bmp)
<images/paste_image47.jpg>
[226]
File: images/paste_image18.jpg Graphic file (type bmp)
<images/paste_image18.jpg>
[227] [228]
Overfull \hbox (55.22702pt too wide) detected at line 11629
[][][][] [] [][][][][] [] [][][][][] [] [] [] []
 []

[229]
Overfull \hbox (104.0059pt too wide) detected at line 11643
[][][][][][][][][][][][][][][][][][][][][][][][][][][][][][] [] [][][][][][][][
][][][][][][][][][][][][][][][][][][] [] [][][][][][][][][][][][][][][][][][][]
[][][][][][][][][][][][][][][][][]
 []

[230] [231] [232] [233] [234] [235] [236] [237] [238]
Underfull \hbox (badness 1354) in paragraph at lines 12325--12326
[]\TU/lmr/m/n/10 Differential misclassification? Recall bias? Interviewer bias?

 []

[239] [240] [241] [242

]
章 17.
[243] [244]
章 18.
[245

] [246] [247] [248] [249] [250] [251]

Package natbib Warning: There were undefined citations.

Package atveryend Info: Empty hook `BeforeClearDocument' on input line 13043.
[252]
Package atveryend Info: Empty hook `AfterLastShipout' on input line 13043.
(./datadown.aux)
Package atveryend Info: Empty hook `AtVeryEndDocument' on input line 13043.
Package atveryend Info: Executing hook `AtEndAfterFileList' on input line 13043
.
Package rerunfilecheck Info: File `datadown.out' has not changed.
(rerunfilecheck)             Checksum: CE0663D95A04DC1727D0C0D761115E4D;25376.

LaTeX Font Warning: Some font shapes were not available, defaults substituted.


LaTeX Warning: There were multiply-defined labels.

Package atveryend Info: Empty hook `AtVeryVeryEnd' on input line 13043.
 ) 
Here is how much of TeX's memory you used:
 22225 strings out of 481691
 419294 string characters out of 5932655
 837835 words of memory out of 5000000
 38946 multiletter control sequences out of 15000+600000
 550067 words of font info for 140 fonts, out of 8000000 for 9000
 14 hyphenation exceptions out of 8191
 56i,10n,129p,1261b,901s stack positions out of 5000i,500n,10000p,200000b,80000s

Output written on datadown.pdf (252 pages).
